  [1m[35m (2.5ms)[0m  [1m[34mSELECT sqlite_version(*)[0m
  [1m[35m (1.2ms)[0m  [1m[35mCREATE TABLE "schema_migrations" ("version" varchar NOT NULL PRIMARY KEY)[0m
  [1m[35m (1.1ms)[0m  [1m[35mCREATE TABLE "ar_internal_metadata" ("key" varchar NOT NULL PRIMARY KEY, "value" varchar, "created_at" datetime(6) NOT NULL, "updated_at" datetime(6) NOT NULL)[0m
  [1m[35m (0.1ms)[0m  [1m[34mSELECT "schema_migrations"."version" FROM "schema_migrations" ORDER BY "schema_migrations"."version" ASC[0m
Migrating to CreateUsers (20220107013940)
  [1m[36mTRANSACTION (0.1ms)[0m  [1m[36mbegin transaction[0m
  [1m[35m (0.4ms)[0m  [1m[35mCREATE TABLE "users" ("id" integer PRIMARY KEY AUTOINCREMENT NOT NULL, "first_name" varchar, "last_name" varchar, "email" varchar, "password_digest" varchar, "created_at" datetime(6) NOT NULL, "updated_at" datetime(6) NOT NULL)[0m
  [1m[36mActiveRecord::SchemaMigration Create (0.3ms)[0m  [1m[32mINSERT INTO "schema_migrations" ("version") VALUES (?)[0m  [["version", "20220107013940"]]
  [1m[36mTRANSACTION (0.9ms)[0m  [1m[36mcommit transaction[0m
Migrating to CreateUserHouses (20220107014533)
  [1m[36mTRANSACTION (0.1ms)[0m  [1m[36mbegin transaction[0m
  [1m[35m (0.5ms)[0m  [1m[35mCREATE TABLE "user_houses" ("id" integer PRIMARY KEY AUTOINCREMENT NOT NULL, "user_id" integer, "house_id" integer, "created_at" datetime(6) NOT NULL, "updated_at" datetime(6) NOT NULL)[0m
  [1m[36mActiveRecord::SchemaMigration Create (0.1ms)[0m  [1m[32mINSERT INTO "schema_migrations" ("version") VALUES (?)[0m  [["version", "20220107014533"]]
  [1m[36mTRANSACTION (0.6ms)[0m  [1m[36mcommit transaction[0m
Migrating to CreateHouses (20220107014613)
  [1m[36mTRANSACTION (0.1ms)[0m  [1m[36mbegin transaction[0m
  [1m[35m (0.5ms)[0m  [1m[35mCREATE TABLE "houses" ("id" integer PRIMARY KEY AUTOINCREMENT NOT NULL, "name" varchar, "created_at" datetime(6) NOT NULL, "updated_at" datetime(6) NOT NULL)[0m
  [1m[36mActiveRecord::SchemaMigration Create (0.2ms)[0m  [1m[32mINSERT INTO "schema_migrations" ("version") VALUES (?)[0m  [["version", "20220107014613"]]
  [1m[36mTRANSACTION (0.6ms)[0m  [1m[36mcommit transaction[0m
Migrating to CreatePlantSpaces (20220107014838)
  [1m[36mTRANSACTION (0.1ms)[0m  [1m[36mbegin transaction[0m
  [1m[35m (0.5ms)[0m  [1m[35mCREATE TABLE "plant_spaces" ("id" integer PRIMARY KEY AUTOINCREMENT NOT NULL, "name" varchar, "sunlight_rating" integer, "temp" varchar, "humidity" varchar, "house_id" integer, "created_at" datetime(6) NOT NULL, "updated_at" datetime(6) NOT NULL)[0m
  [1m[36mActiveRecord::SchemaMigration Create (0.2ms)[0m  [1m[32mINSERT INTO "schema_migrations" ("version") VALUES (?)[0m  [["version", "20220107014838"]]
  [1m[36mTRANSACTION (0.7ms)[0m  [1m[36mcommit transaction[0m
Migrating to CreatePlants (20220107015053)
  [1m[36mTRANSACTION (0.1ms)[0m  [1m[36mbegin transaction[0m
  [1m[35m (0.4ms)[0m  [1m[35mCREATE TABLE "plants" ("id" integer PRIMARY KEY AUTOINCREMENT NOT NULL, "name" varchar, "sunlight_req" integer, "temp_req" varchar, "humidity_req" varchar, "plant_space_id" integer, "created_at" datetime(6) NOT NULL, "updated_at" datetime(6) NOT NULL)[0m
  [1m[36mActiveRecord::SchemaMigration Create (0.1ms)[0m  [1m[32mINSERT INTO "schema_migrations" ("version") VALUES (?)[0m  [["version", "20220107015053"]]
  [1m[36mTRANSACTION (0.7ms)[0m  [1m[36mcommit transaction[0m
  [1m[36mActiveRecord::InternalMetadata Load (0.1ms)[0m  [1m[34mSELECT "ar_internal_metadata".* FROM "ar_internal_metadata" WHERE "ar_internal_metadata"."key" = ? LIMIT ?[0m  [["key", "environment"], ["LIMIT", 1]]
  [1m[36mTRANSACTION (0.0ms)[0m  [1m[36mbegin transaction[0m
  [1m[36mActiveRecord::InternalMetadata Create (0.3ms)[0m  [1m[32mINSERT INTO "ar_internal_metadata" ("key", "value", "created_at", "updated_at") VALUES (?, ?, ?, ?)[0m  [["key", "environment"], ["value", "development"], ["created_at", "2022-01-07 01:51:28.044872"], ["updated_at", "2022-01-07 01:51:28.044872"]]
  [1m[36mTRANSACTION (0.8ms)[0m  [1m[36mcommit transaction[0m
  [1m[35m (0.1ms)[0m  [1m[34mSELECT sqlite_version(*)[0m
  [1m[35m (0.2ms)[0m  [1m[34mSELECT "schema_migrations"."version" FROM "schema_migrations" ORDER BY "schema_migrations"."version" ASC[0m
  [1m[35m (1.0ms)[0m  [1m[34mSELECT sqlite_version(*)[0m
  [1m[35m (0.5ms)[0m  [1m[34mSELECT sqlite_version(*)[0m
  [1m[35m (0.5ms)[0m  [1m[34mSELECT sqlite_version(*)[0m
  [1m[36mUser Load (0.1ms)[0m  [1m[34mSELECT "users".* FROM "users" /* loading for inspect */ LIMIT ?[0m  [["LIMIT", 11]]
  [1m[36mUser Load (0.2ms)[0m  [1m[34mSELECT "users".* FROM "users" /* loading for inspect */ LIMIT ?[0m  [["LIMIT", 11]]
  [1m[35m (0.5ms)[0m  [1m[34mSELECT sqlite_version(*)[0m
  [1m[35m (0.4ms)[0m  [1m[34mSELECT sqlite_version(*)[0m
  [1m[36mTRANSACTION (0.1ms)[0m  [1m[36mbegin transaction[0m
  [1m[36mUser Create (0.4ms)[0m  [1m[32mINSERT INTO "users" ("created_at", "updated_at") VALUES (?, ?)[0m  [["created_at", "2022-01-07 20:12:05.817702"], ["updated_at", "2022-01-07 20:12:05.817702"]]
  [1m[36mTRANSACTION (2.5ms)[0m  [1m[36mcommit transaction[0m
  [1m[36mUser Load (0.3ms)[0m  [1m[34mSELECT "users".* FROM "users" /* loading for inspect */ LIMIT ?[0m  [["LIMIT", 11]]
  [1m[36mTRANSACTION (0.1ms)[0m  [1m[36mbegin transaction[0m
  [1m[36mUser Update (0.4ms)[0m  [1m[33mUPDATE "users" SET "first_name" = ?, "updated_at" = ? WHERE "users"."id" = ?[0m  [["first_name", "Nate"], ["updated_at", "2022-01-07 20:13:14.399875"], ["id", 1]]
  [1m[36mTRANSACTION (0.6ms)[0m  [1m[36mcommit transaction[0m
  [1m[36mTRANSACTION (0.1ms)[0m  [1m[36mbegin transaction[0m
  [1m[36mUser Update (0.4ms)[0m  [1m[33mUPDATE "users" SET "last_name" = ?, "updated_at" = ? WHERE "users"."id" = ?[0m  [["last_name", "Hamburger"], ["updated_at", "2022-01-07 20:13:55.152389"], ["id", 1]]
  [1m[36mTRANSACTION (2.3ms)[0m  [1m[36mcommit transaction[0m
  [1m[36mUser Load (0.2ms)[0m  [1m[34mSELECT "users".* FROM "users" /* loading for inspect */ LIMIT ?[0m  [["LIMIT", 11]]
  [1m[36mTRANSACTION (0.1ms)[0m  [1m[36mbegin transaction[0m
  [1m[36mHouse Create (0.3ms)[0m  [1m[32mINSERT INTO "houses" ("created_at", "updated_at") VALUES (?, ?)[0m  [["created_at", "2022-01-07 20:14:49.642264"], ["updated_at", "2022-01-07 20:14:49.642264"]]
  [1m[36mTRANSACTION (0.7ms)[0m  [1m[36mcommit transaction[0m
  [1m[36mTRANSACTION (0.1ms)[0m  [1m[36mbegin transaction[0m
  [1m[36mHouse Update (0.4ms)[0m  [1m[33mUPDATE "houses" SET "name" = ?, "updated_at" = ? WHERE "houses"."id" = ?[0m  [["name", "The Ranch"], ["updated_at", "2022-01-07 20:15:41.778733"], ["id", 1]]
  [1m[36mTRANSACTION (2.3ms)[0m  [1m[36mcommit transaction[0m
  [1m[36mTRANSACTION (0.1ms)[0m  [1m[36mbegin transaction[0m
  [1m[36mUser Create (0.4ms)[0m  [1m[32mINSERT INTO "users" ("created_at", "updated_at") VALUES (?, ?)[0m  [["created_at", "2022-01-07 20:20:39.641649"], ["updated_at", "2022-01-07 20:20:39.641649"]]
  [1m[36mTRANSACTION (2.6ms)[0m  [1m[36mcommit transaction[0m
  [1m[36mTRANSACTION (0.1ms)[0m  [1m[36mbegin transaction[0m
  [1m[36mUser Update (0.4ms)[0m  [1m[33mUPDATE "users" SET "first_name" = ?, "last_name" = ?, "updated_at" = ? WHERE "users"."id" = ?[0m  [["first_name", "Baby"], ["last_name", "Spice"], ["updated_at", "2022-01-07 20:21:28.303310"], ["id", 2]]
  [1m[36mTRANSACTION (2.2ms)[0m  [1m[36mcommit transaction[0m
  [1m[36mUser Load (0.2ms)[0m  [1m[34mSELECT "users".* FROM "users" /* loading for inspect */ LIMIT ?[0m  [["LIMIT", 11]]
Started GET "/" for ::1 at 2022-01-07 12:28:54 -0800
  [1m[35m (0.6ms)[0m  [1m[34mSELECT sqlite_version(*)[0m
  [1m[35m (0.1ms)[0m  [1m[34mSELECT "schema_migrations"."version" FROM "schema_migrations" ORDER BY "schema_migrations"."version" ASC[0m
Processing by Rails::WelcomeController#index as HTML
  Rendering /Users/TheTriangle/.rvm/gems/ruby-2.6.1/gems/railties-6.1.4.4/lib/rails/templates/rails/welcome/index.html.erb
  Rendered /Users/TheTriangle/.rvm/gems/ruby-2.6.1/gems/railties-6.1.4.4/lib/rails/templates/rails/welcome/index.html.erb (Duration: 7.3ms | Allocations: 519)
Completed 200 OK in 32ms (Views: 15.2ms | ActiveRecord: 0.0ms | Allocations: 4319)


Started GET "/signup" for ::1 at 2022-01-07 12:29:09 -0800
  
ActionController::RoutingError (uninitialized constant UsersController):
  
Started GET "/signup" for ::1 at 2022-01-07 12:30:39 -0800
  
AbstractController::ActionNotFound (The action 'new' could not be found for UsersController):
  
actionpack (6.1.4.4) lib/abstract_controller/base.rb:160:in `process'
actionview (6.1.4.4) lib/action_view/rendering.rb:39:in `process'
actionpack (6.1.4.4) lib/action_controller/metal.rb:190:in `dispatch'
actionpack (6.1.4.4) lib/action_controller/metal.rb:254:in `dispatch'
actionpack (6.1.4.4) lib/action_dispatch/routing/route_set.rb:50:in `dispatch'
actionpack (6.1.4.4) lib/action_dispatch/routing/route_set.rb:33:in `serve'
actionpack (6.1.4.4) lib/action_dispatch/journey/router.rb:50:in `block in serve'
actionpack (6.1.4.4) lib/action_dispatch/journey/router.rb:32:in `each'
actionpack (6.1.4.4) lib/action_dispatch/journey/router.rb:32:in `serve'
actionpack (6.1.4.4) lib/action_dispatch/routing/route_set.rb:842:in `call'
rack (2.2.3) lib/rack/tempfile_reaper.rb:15:in `call'
rack (2.2.3) lib/rack/etag.rb:27:in `call'
rack (2.2.3) lib/rack/conditional_get.rb:27:in `call'
rack (2.2.3) lib/rack/head.rb:12:in `call'
actionpack (6.1.4.4) lib/action_dispatch/http/permissions_policy.rb:22:in `call'
actionpack (6.1.4.4) lib/action_dispatch/http/content_security_policy.rb:18:in `call'
rack (2.2.3) lib/rack/session/abstract/id.rb:266:in `context'
rack (2.2.3) lib/rack/session/abstract/id.rb:260:in `call'
actionpack (6.1.4.4) lib/action_dispatch/middleware/cookies.rb:689:in `call'
activerecord (6.1.4.4) lib/active_record/migration.rb:601:in `call'
actionpack (6.1.4.4) lib/action_dispatch/middleware/callbacks.rb:27:in `block in call'
activesupport (6.1.4.4) lib/active_support/callbacks.rb:98:in `run_callbacks'
actionpack (6.1.4.4) lib/action_dispatch/middleware/callbacks.rb:26:in `call'
actionpack (6.1.4.4) lib/action_dispatch/middleware/executor.rb:14:in `call'
actionpack (6.1.4.4) lib/action_dispatch/middleware/actionable_exceptions.rb:18:in `call'
actionpack (6.1.4.4) lib/action_dispatch/middleware/debug_exceptions.rb:29:in `call'
web-console (4.2.0) lib/web_console/middleware.rb:132:in `call_app'
web-console (4.2.0) lib/web_console/middleware.rb:28:in `block in call'
web-console (4.2.0) lib/web_console/middleware.rb:17:in `catch'
web-console (4.2.0) lib/web_console/middleware.rb:17:in `call'
actionpack (6.1.4.4) lib/action_dispatch/middleware/show_exceptions.rb:33:in `call'
railties (6.1.4.4) lib/rails/rack/logger.rb:37:in `call_app'
railties (6.1.4.4) lib/rails/rack/logger.rb:26:in `block in call'
activesupport (6.1.4.4) lib/active_support/tagged_logging.rb:99:in `block in tagged'
activesupport (6.1.4.4) lib/active_support/tagged_logging.rb:37:in `tagged'
activesupport (6.1.4.4) lib/active_support/tagged_logging.rb:99:in `tagged'
railties (6.1.4.4) lib/rails/rack/logger.rb:26:in `call'
sprockets-rails (3.4.2) lib/sprockets/rails/quiet_assets.rb:13:in `call'
actionpack (6.1.4.4) lib/action_dispatch/middleware/remote_ip.rb:81:in `call'
actionpack (6.1.4.4) lib/action_dispatch/middleware/request_id.rb:26:in `call'
rack (2.2.3) lib/rack/method_override.rb:24:in `call'
rack (2.2.3) lib/rack/runtime.rb:22:in `call'
activesupport (6.1.4.4) lib/active_support/cache/strategy/local_cache_middleware.rb:29:in `call'
actionpack (6.1.4.4) lib/action_dispatch/middleware/executor.rb:14:in `call'
actionpack (6.1.4.4) lib/action_dispatch/middleware/static.rb:24:in `call'
rack (2.2.3) lib/rack/sendfile.rb:110:in `call'
actionpack (6.1.4.4) lib/action_dispatch/middleware/host_authorization.rb:119:in `call'
rack-mini-profiler (2.3.3) lib/mini_profiler/profiler.rb:393:in `call'
webpacker (5.4.3) lib/webpacker/dev_server_proxy.rb:25:in `perform_request'
rack-proxy (0.7.2) lib/rack/proxy.rb:67:in `call'
railties (6.1.4.4) lib/rails/engine.rb:539:in `call'
puma (5.5.2) lib/puma/configuration.rb:249:in `call'
puma (5.5.2) lib/puma/request.rb:77:in `block in handle_request'
puma (5.5.2) lib/puma/thread_pool.rb:340:in `with_force_shutdown'
puma (5.5.2) lib/puma/request.rb:76:in `handle_request'
puma (5.5.2) lib/puma/server.rb:447:in `process_client'
puma (5.5.2) lib/puma/thread_pool.rb:147:in `block in spawn_thread'
Started GET "/signup" for ::1 at 2022-01-07 12:33:09 -0800
Processing by UsersController#new as HTML
Completed 406 Not Acceptable in 2ms (Allocations: 1855)


  
ActionController::MissingExactTemplate (UsersController#new is missing a template for request formats: text/html):
  
actionpack (6.1.4.4) lib/action_controller/metal/implicit_render.rb:45:in `default_render'
actionpack (6.1.4.4) lib/action_controller/metal/basic_implicit_render.rb:6:in `block in send_action'
actionpack (6.1.4.4) lib/action_controller/metal/basic_implicit_render.rb:6:in `tap'
actionpack (6.1.4.4) lib/action_controller/metal/basic_implicit_render.rb:6:in `send_action'
actionpack (6.1.4.4) lib/abstract_controller/base.rb:228:in `process_action'
actionpack (6.1.4.4) lib/action_controller/metal/rendering.rb:30:in `process_action'
actionpack (6.1.4.4) lib/abstract_controller/callbacks.rb:42:in `block in process_action'
activesupport (6.1.4.4) lib/active_support/callbacks.rb:117:in `block in run_callbacks'
actiontext (6.1.4.4) lib/action_text/rendering.rb:20:in `with_renderer'
actiontext (6.1.4.4) lib/action_text/engine.rb:59:in `block (4 levels) in <class:Engine>'
activesupport (6.1.4.4) lib/active_support/callbacks.rb:126:in `instance_exec'
activesupport (6.1.4.4) lib/active_support/callbacks.rb:126:in `block in run_callbacks'
activesupport (6.1.4.4) lib/active_support/callbacks.rb:137:in `run_callbacks'
actionpack (6.1.4.4) lib/abstract_controller/callbacks.rb:41:in `process_action'
actionpack (6.1.4.4) lib/action_controller/metal/rescue.rb:22:in `process_action'
actionpack (6.1.4.4) lib/action_controller/metal/instrumentation.rb:34:in `block in process_action'
activesupport (6.1.4.4) lib/active_support/notifications.rb:203:in `block in instrument'
activesupport (6.1.4.4) lib/active_support/notifications/instrumenter.rb:24:in `instrument'
activesupport (6.1.4.4) lib/active_support/notifications.rb:203:in `instrument'
actionpack (6.1.4.4) lib/action_controller/metal/instrumentation.rb:33:in `process_action'
actionpack (6.1.4.4) lib/action_controller/metal/params_wrapper.rb:249:in `process_action'
activerecord (6.1.4.4) lib/active_record/railties/controller_runtime.rb:27:in `process_action'
actionpack (6.1.4.4) lib/abstract_controller/base.rb:165:in `process'
actionview (6.1.4.4) lib/action_view/rendering.rb:39:in `process'
actionpack (6.1.4.4) lib/action_controller/metal.rb:190:in `dispatch'
actionpack (6.1.4.4) lib/action_controller/metal.rb:254:in `dispatch'
actionpack (6.1.4.4) lib/action_dispatch/routing/route_set.rb:50:in `dispatch'
actionpack (6.1.4.4) lib/action_dispatch/routing/route_set.rb:33:in `serve'
actionpack (6.1.4.4) lib/action_dispatch/journey/router.rb:50:in `block in serve'
actionpack (6.1.4.4) lib/action_dispatch/journey/router.rb:32:in `each'
actionpack (6.1.4.4) lib/action_dispatch/journey/router.rb:32:in `serve'
actionpack (6.1.4.4) lib/action_dispatch/routing/route_set.rb:842:in `call'
rack (2.2.3) lib/rack/tempfile_reaper.rb:15:in `call'
rack (2.2.3) lib/rack/etag.rb:27:in `call'
rack (2.2.3) lib/rack/conditional_get.rb:27:in `call'
rack (2.2.3) lib/rack/head.rb:12:in `call'
actionpack (6.1.4.4) lib/action_dispatch/http/permissions_policy.rb:22:in `call'
actionpack (6.1.4.4) lib/action_dispatch/http/content_security_policy.rb:18:in `call'
rack (2.2.3) lib/rack/session/abstract/id.rb:266:in `context'
rack (2.2.3) lib/rack/session/abstract/id.rb:260:in `call'
actionpack (6.1.4.4) lib/action_dispatch/middleware/cookies.rb:689:in `call'
activerecord (6.1.4.4) lib/active_record/migration.rb:601:in `call'
actionpack (6.1.4.4) lib/action_dispatch/middleware/callbacks.rb:27:in `block in call'
activesupport (6.1.4.4) lib/active_support/callbacks.rb:98:in `run_callbacks'
actionpack (6.1.4.4) lib/action_dispatch/middleware/callbacks.rb:26:in `call'
actionpack (6.1.4.4) lib/action_dispatch/middleware/executor.rb:14:in `call'
actionpack (6.1.4.4) lib/action_dispatch/middleware/actionable_exceptions.rb:18:in `call'
actionpack (6.1.4.4) lib/action_dispatch/middleware/debug_exceptions.rb:29:in `call'
web-console (4.2.0) lib/web_console/middleware.rb:132:in `call_app'
web-console (4.2.0) lib/web_console/middleware.rb:28:in `block in call'
web-console (4.2.0) lib/web_console/middleware.rb:17:in `catch'
web-console (4.2.0) lib/web_console/middleware.rb:17:in `call'
actionpack (6.1.4.4) lib/action_dispatch/middleware/show_exceptions.rb:33:in `call'
railties (6.1.4.4) lib/rails/rack/logger.rb:37:in `call_app'
railties (6.1.4.4) lib/rails/rack/logger.rb:26:in `block in call'
activesupport (6.1.4.4) lib/active_support/tagged_logging.rb:99:in `block in tagged'
activesupport (6.1.4.4) lib/active_support/tagged_logging.rb:37:in `tagged'
activesupport (6.1.4.4) lib/active_support/tagged_logging.rb:99:in `tagged'
railties (6.1.4.4) lib/rails/rack/logger.rb:26:in `call'
sprockets-rails (3.4.2) lib/sprockets/rails/quiet_assets.rb:13:in `call'
actionpack (6.1.4.4) lib/action_dispatch/middleware/remote_ip.rb:81:in `call'
actionpack (6.1.4.4) lib/action_dispatch/middleware/request_id.rb:26:in `call'
rack (2.2.3) lib/rack/method_override.rb:24:in `call'
rack (2.2.3) lib/rack/runtime.rb:22:in `call'
activesupport (6.1.4.4) lib/active_support/cache/strategy/local_cache_middleware.rb:29:in `call'
actionpack (6.1.4.4) lib/action_dispatch/middleware/executor.rb:14:in `call'
actionpack (6.1.4.4) lib/action_dispatch/middleware/static.rb:24:in `call'
rack (2.2.3) lib/rack/sendfile.rb:110:in `call'
actionpack (6.1.4.4) lib/action_dispatch/middleware/host_authorization.rb:119:in `call'
rack-mini-profiler (2.3.3) lib/mini_profiler/profiler.rb:393:in `call'
webpacker (5.4.3) lib/webpacker/dev_server_proxy.rb:25:in `perform_request'
rack-proxy (0.7.2) lib/rack/proxy.rb:67:in `call'
railties (6.1.4.4) lib/rails/engine.rb:539:in `call'
puma (5.5.2) lib/puma/configuration.rb:249:in `call'
puma (5.5.2) lib/puma/request.rb:77:in `block in handle_request'
puma (5.5.2) lib/puma/thread_pool.rb:340:in `with_force_shutdown'
puma (5.5.2) lib/puma/request.rb:76:in `handle_request'
puma (5.5.2) lib/puma/server.rb:447:in `process_client'
puma (5.5.2) lib/puma/thread_pool.rb:147:in `block in spawn_thread'
Started GET "/signup" for ::1 at 2022-01-07 12:34:17 -0800
Processing by UsersController#new as HTML
  Rendering layout layouts/application.html.erb
  Rendering users/new.html.erb within layouts/application
  Rendered users/new.html.erb within layouts/application (Duration: 0.3ms | Allocations: 105)
[Webpacker] Compiling...
[Webpacker] Compilation failed:
/Users/TheTriangle/Flatiron/Flatiron_Projects/houseplants/node_modules/webpack-cli/bin/cli.js:93
				throw err;
				^

Error: Cannot find module '@rails/webpacker'
Require stack:
- /Users/TheTriangle/Flatiron/Flatiron_Projects/houseplants/config/webpack/environment.js
- /Users/TheTriangle/Flatiron/Flatiron_Projects/houseplants/config/webpack/development.js
- /Users/TheTriangle/Flatiron/Flatiron_Projects/houseplants/node_modules/webpack-cli/bin/utils/convert-argv.js
- /Users/TheTriangle/Flatiron/Flatiron_Projects/houseplants/node_modules/webpack-cli/bin/cli.js
- /Users/TheTriangle/Flatiron/Flatiron_Projects/houseplants/node_modules/webpack/bin/webpack.js
    at Function.Module._resolveFilename (node:internal/modules/cjs/loader:925:15)
    at Function.Module._load (node:internal/modules/cjs/loader:769:27)
    at Module.require (node:internal/modules/cjs/loader:997:19)
    at require (/Users/TheTriangle/Flatiron/Flatiron_Projects/houseplants/node_modules/v8-compile-cache/v8-compile-cache.js:159:20)
    at Object.<anonymous> (/Users/TheTriangle/Flatiron/Flatiron_Projects/houseplants/config/webpack/environment.js:1:87)
    at Module._compile (/Users/TheTriangle/Flatiron/Flatiron_Projects/houseplants/node_modules/v8-compile-cache/v8-compile-cache.js:192:30)
    at Object.Module._extensions..js (node:internal/modules/cjs/loader:1137:10)
    at Module.load (node:internal/modules/cjs/loader:973:32)
    at Function.Module._load (node:internal/modules/cjs/loader:813:14)
    at Module.require (node:internal/modules/cjs/loader:997:19)
    at require (/Users/TheTriangle/Flatiron/Flatiron_Projects/houseplants/node_modules/v8-compile-cache/v8-compile-cache.js:159:20)
    at Object.<anonymous> (/Users/TheTriangle/Flatiron/Flatiron_Projects/houseplants/config/webpack/development.js:3:21)
    at Module._compile (/Users/TheTriangle/Flatiron/Flatiron_Projects/houseplants/node_modules/v8-compile-cache/v8-compile-cache.js:192:30)
    at Object.Module._extensions..js (node:internal/modules/cjs/loader:1137:10)
    at Module.load (node:internal/modules/cjs/loader:973:32)
    at Function.Module._load (node:internal/modules/cjs/loader:813:14)
    at Module.require (node:internal/modules/cjs/loader:997:19)
    at require (/Users/TheTriangle/Flatiron/Flatiron_Projects/houseplants/node_modules/v8-compile-cache/v8-compile-cache.js:159:20)
    at WEBPACK_OPTIONS (/Users/TheTriangle/Flatiron/Flatiron_Projects/houseplants/node_modules/webpack-cli/bin/utils/convert-argv.js:114:13)
    at requireConfig (/Users/TheTriangle/Flatiron/Flatiron_Projects/houseplants/node_modules/webpack-cli/bin/utils/convert-argv.js:116:6)
    at /Users/TheTriangle/Flatiron/Flatiron_Projects/houseplants/node_modules/webpack-cli/bin/utils/convert-argv.js:123:17
    at Array.forEach (<anonymous>)
    at module.exports (/Users/TheTriangle/Flatiron/Flatiron_Projects/houseplants/node_modules/webpack-cli/bin/utils/convert-argv.js:121:15)
    at /Users/TheTriangle/Flatiron/Flatiron_Projects/houseplants/node_modules/webpack-cli/bin/cli.js:71:45
    at Object.parse (/Users/TheTriangle/Flatiron/Flatiron_Projects/houseplants/node_modules/yargs/yargs.js:576:18)
    at /Users/TheTriangle/Flatiron/Flatiron_Projects/houseplants/node_modules/webpack-cli/bin/cli.js:49:8
    at Object.<anonymous> (/Users/TheTriangle/Flatiron/Flatiron_Projects/houseplants/node_modules/webpack-cli/bin/cli.js:366:3)
    at Module._compile (node:internal/modules/cjs/loader:1108:14)
    at Object.Module._extensions..js (node:internal/modules/cjs/loader:1137:10)
    at Module.load (node:internal/modules/cjs/loader:973:32) {
  code: 'MODULE_NOT_FOUND',
  requireStack: [
    '/Users/TheTriangle/Flatiron/Flatiron_Projects/houseplants/config/webpack/environment.js',
    '/Users/TheTriangle/Flatiron/Flatiron_Projects/houseplants/config/webpack/development.js',
    '/Users/TheTriangle/Flatiron/Flatiron_Projects/houseplants/node_modules/webpack-cli/bin/utils/convert-argv.js',
    '/Users/TheTriangle/Flatiron/Flatiron_Projects/houseplants/node_modules/webpack-cli/bin/cli.js',
    '/Users/TheTriangle/Flatiron/Flatiron_Projects/houseplants/node_modules/webpack/bin/webpack.js'
  ]
}

  Rendered layout layouts/application.html.erb (Duration: 1582.0ms | Allocations: 15174)
Completed 500 Internal Server Error in 1584ms (Allocations: 16262)


  
ActionView::Template::Error (Webpacker can't find application.js in /Users/TheTriangle/Flatiron/Flatiron_Projects/houseplants/public/packs/manifest.json. Possible causes:
1. You want to set webpacker.yml value of compile to true for your environment
   unless you are using the `webpack -w` or the webpack-dev-server.
2. webpack has not yet re-run to reflect updates.
3. You have misconfigured Webpacker's config/webpacker.yml file.
4. Your webpack configuration is not creating a manifest.
Your manifest contains:
{
}
):
     7:     <%= csp_meta_tag %>
     8: 
     9:     <%= stylesheet_link_tag 'application', media: 'all', 'data-turbolinks-track': 'reload' %>
    10:     <%= javascript_pack_tag 'application', 'data-turbolinks-track': 'reload' %>
    11:   </head>
    12: 
    13:   <body>
  
app/views/layouts/application.html.erb:10
Started GET "/signup" for ::1 at 2022-01-07 12:35:51 -0800
Processing by UsersController#new as HTML
  Rendering layout layouts/application.html.erb
  Rendering users/new.html.erb within layouts/application
  Rendered users/new.html.erb within layouts/application (Duration: 0.3ms | Allocations: 110)
[Webpacker] Compiling...
[Webpacker] Compilation failed:
/Users/TheTriangle/Flatiron/Flatiron_Projects/houseplants/node_modules/webpack-cli/bin/cli.js:93
				throw err;
				^

Error: Cannot find module '@rails/webpacker'
Require stack:
- /Users/TheTriangle/Flatiron/Flatiron_Projects/houseplants/config/webpack/environment.js
- /Users/TheTriangle/Flatiron/Flatiron_Projects/houseplants/config/webpack/development.js
- /Users/TheTriangle/Flatiron/Flatiron_Projects/houseplants/node_modules/webpack-cli/bin/utils/convert-argv.js
- /Users/TheTriangle/Flatiron/Flatiron_Projects/houseplants/node_modules/webpack-cli/bin/cli.js
- /Users/TheTriangle/Flatiron/Flatiron_Projects/houseplants/node_modules/webpack/bin/webpack.js
    at Function.Module._resolveFilename (node:internal/modules/cjs/loader:925:15)
    at Function.Module._load (node:internal/modules/cjs/loader:769:27)
    at Module.require (node:internal/modules/cjs/loader:997:19)
    at require (/Users/TheTriangle/Flatiron/Flatiron_Projects/houseplants/node_modules/v8-compile-cache/v8-compile-cache.js:159:20)
    at Object.<anonymous> (/Users/TheTriangle/Flatiron/Flatiron_Projects/houseplants/config/webpack/environment.js:1:87)
    at Module._compile (/Users/TheTriangle/Flatiron/Flatiron_Projects/houseplants/node_modules/v8-compile-cache/v8-compile-cache.js:192:30)
    at Object.Module._extensions..js (node:internal/modules/cjs/loader:1137:10)
    at Module.load (node:internal/modules/cjs/loader:973:32)
    at Function.Module._load (node:internal/modules/cjs/loader:813:14)
    at Module.require (node:internal/modules/cjs/loader:997:19)
    at require (/Users/TheTriangle/Flatiron/Flatiron_Projects/houseplants/node_modules/v8-compile-cache/v8-compile-cache.js:159:20)
    at Object.<anonymous> (/Users/TheTriangle/Flatiron/Flatiron_Projects/houseplants/config/webpack/development.js:3:21)
    at Module._compile (/Users/TheTriangle/Flatiron/Flatiron_Projects/houseplants/node_modules/v8-compile-cache/v8-compile-cache.js:192:30)
    at Object.Module._extensions..js (node:internal/modules/cjs/loader:1137:10)
    at Module.load (node:internal/modules/cjs/loader:973:32)
    at Function.Module._load (node:internal/modules/cjs/loader:813:14)
    at Module.require (node:internal/modules/cjs/loader:997:19)
    at require (/Users/TheTriangle/Flatiron/Flatiron_Projects/houseplants/node_modules/v8-compile-cache/v8-compile-cache.js:159:20)
    at WEBPACK_OPTIONS (/Users/TheTriangle/Flatiron/Flatiron_Projects/houseplants/node_modules/webpack-cli/bin/utils/convert-argv.js:114:13)
    at requireConfig (/Users/TheTriangle/Flatiron/Flatiron_Projects/houseplants/node_modules/webpack-cli/bin/utils/convert-argv.js:116:6)
    at /Users/TheTriangle/Flatiron/Flatiron_Projects/houseplants/node_modules/webpack-cli/bin/utils/convert-argv.js:123:17
    at Array.forEach (<anonymous>)
    at module.exports (/Users/TheTriangle/Flatiron/Flatiron_Projects/houseplants/node_modules/webpack-cli/bin/utils/convert-argv.js:121:15)
    at /Users/TheTriangle/Flatiron/Flatiron_Projects/houseplants/node_modules/webpack-cli/bin/cli.js:71:45
    at Object.parse (/Users/TheTriangle/Flatiron/Flatiron_Projects/houseplants/node_modules/yargs/yargs.js:576:18)
    at /Users/TheTriangle/Flatiron/Flatiron_Projects/houseplants/node_modules/webpack-cli/bin/cli.js:49:8
    at Object.<anonymous> (/Users/TheTriangle/Flatiron/Flatiron_Projects/houseplants/node_modules/webpack-cli/bin/cli.js:366:3)
    at Module._compile (node:internal/modules/cjs/loader:1108:14)
    at Object.Module._extensions..js (node:internal/modules/cjs/loader:1137:10)
    at Module.load (node:internal/modules/cjs/loader:973:32) {
  code: 'MODULE_NOT_FOUND',
  requireStack: [
    '/Users/TheTriangle/Flatiron/Flatiron_Projects/houseplants/config/webpack/environment.js',
    '/Users/TheTriangle/Flatiron/Flatiron_Projects/houseplants/config/webpack/development.js',
    '/Users/TheTriangle/Flatiron/Flatiron_Projects/houseplants/node_modules/webpack-cli/bin/utils/convert-argv.js',
    '/Users/TheTriangle/Flatiron/Flatiron_Projects/houseplants/node_modules/webpack-cli/bin/cli.js',
    '/Users/TheTriangle/Flatiron/Flatiron_Projects/houseplants/node_modules/webpack/bin/webpack.js'
  ]
}

  Rendered layout layouts/application.html.erb (Duration: 1027.1ms | Allocations: 5558)
Completed 500 Internal Server Error in 1030ms (Allocations: 6604)


  
ActionView::Template::Error (Webpacker can't find application.js in /Users/TheTriangle/Flatiron/Flatiron_Projects/houseplants/public/packs/manifest.json. Possible causes:
1. You want to set webpacker.yml value of compile to true for your environment
   unless you are using the `webpack -w` or the webpack-dev-server.
2. webpack has not yet re-run to reflect updates.
3. You have misconfigured Webpacker's config/webpacker.yml file.
4. Your webpack configuration is not creating a manifest.
Your manifest contains:
{
}
):
     7:     <%= csp_meta_tag %>
     8: 
     9:     <%= stylesheet_link_tag 'application', media: 'all', 'data-turbolinks-track': 'reload' %>
    10:     <%= javascript_pack_tag 'application', 'data-turbolinks-track': 'reload' %>
    11:   </head>
    12: 
    13:   <body>
  
app/views/layouts/application.html.erb:10
Started GET "/signup" for ::1 at 2022-01-07 12:39:00 -0800
Processing by UsersController#new as HTML
  Rendering layout layouts/application.html.erb
  Rendering users/new.html.erb within layouts/application
  Rendered users/new.html.erb within layouts/application (Duration: 0.3ms | Allocations: 109)
  Rendered layout layouts/application.html.erb (Duration: 6.2ms | Allocations: 6230)
Completed 500 Internal Server Error in 10ms (Allocations: 7276)


  
ActionView::Template::Error (The asset "application.js" is not present in the asset pipeline.
):
     7:     <%= csp_meta_tag %>
     8: 
     9:     <%= stylesheet_link_tag 'application', media: 'all', 'data-turbolinks-track': 'reload' %>
    10:     <%= javascript_include_tag 'application', 'data-turbolinks-track': 'reload' %>
    11:   </head>
    12: 
    13:   <body>
  
app/views/layouts/application.html.erb:10
Started GET "/signup" for ::1 at 2022-01-07 12:41:07 -0800
Processing by UsersController#new as HTML
  Rendering layout layouts/application.html.erb
  Rendering users/new.html.erb within layouts/application
  Rendered users/new.html.erb within layouts/application (Duration: 0.1ms | Allocations: 37)
  Rendered layout layouts/application.html.erb (Duration: 6.1ms | Allocations: 5967)
Completed 500 Internal Server Error in 7ms (Allocations: 6274)


  
ActionView::Template::Error (The asset "application.js" is not present in the asset pipeline.
):
     7:     <%= csp_meta_tag %>
     8: 
     9:     <%= stylesheet_link_tag 'application', media: 'all', 'data-turbolinks-track': 'reload' %>
    10:     <%= javascript_include_tag 'application', 'data-turbolinks-track': 'reload' %>
    11:   </head>
    12: 
    13:   <body>
  
app/views/layouts/application.html.erb:10
Started GET "/signup" for ::1 at 2022-01-07 12:41:08 -0800
Processing by UsersController#new as HTML
  Rendering layout layouts/application.html.erb
  Rendering users/new.html.erb within layouts/application
  Rendered users/new.html.erb within layouts/application (Duration: 0.1ms | Allocations: 37)
  Rendered layout layouts/application.html.erb (Duration: 4.5ms | Allocations: 5965)
Completed 500 Internal Server Error in 5ms (Allocations: 6268)


  
ActionView::Template::Error (The asset "application.js" is not present in the asset pipeline.
):
     7:     <%= csp_meta_tag %>
     8: 
     9:     <%= stylesheet_link_tag 'application', media: 'all', 'data-turbolinks-track': 'reload' %>
    10:     <%= javascript_include_tag 'application', 'data-turbolinks-track': 'reload' %>
    11:   </head>
    12: 
    13:   <body>
  
app/views/layouts/application.html.erb:10
Started GET "/signup" for ::1 at 2022-01-07 12:41:38 -0800
Processing by UsersController#new as HTML
  Rendering layout layouts/application.html.erb
  Rendering users/new.html.erb within layouts/application
  Rendered users/new.html.erb within layouts/application (Duration: 0.3ms | Allocations: 109)
  Rendered layout layouts/application.html.erb (Duration: 5.1ms | Allocations: 6228)
Completed 500 Internal Server Error in 8ms (Allocations: 7278)


  
ActionView::Template::Error (The asset "application.js" is not present in the asset pipeline.
):
     7:     <%= csp_meta_tag %>
     8: 
     9:     <%= stylesheet_link_tag 'application', media: 'all', 'data-turbolinks-track': 'reload' %>
    10:     # <%= javascript_include_tag 'application', 'data-turbolinks-track': 'reload' %>
    11:   </head>
    12: 
    13:   <body>
  
app/views/layouts/application.html.erb:10
Started GET "/signup" for ::1 at 2022-01-07 12:41:55 -0800
Processing by UsersController#new as HTML
  Rendering layout layouts/application.html.erb
  Rendering users/new.html.erb within layouts/application
  Rendered users/new.html.erb within layouts/application (Duration: 0.2ms | Allocations: 109)
  Rendered layout layouts/application.html.erb (Duration: 2.2ms | Allocations: 1598)
Completed 200 OK in 5ms (Views: 3.6ms | Allocations: 2674)


Started GET "/signup" for ::1 at 2022-01-07 12:42:09 -0800
Processing by UsersController#new as HTML
  Rendering layout layouts/application.html.erb
  Rendering users/new.html.erb within layouts/application
  Rendered users/new.html.erb within layouts/application (Duration: 0.1ms | Allocations: 37)
  Rendered layout layouts/application.html.erb (Duration: 1.6ms | Allocations: 1345)
Completed 200 OK in 2ms (Views: 1.9ms | Allocations: 1726)


Started GET "/" for ::1 at 2022-01-07 13:18:29 -0800
Processing by Rails::WelcomeController#index as HTML
  Rendering /Users/TheTriangle/.rvm/gems/ruby-2.6.1/gems/railties-6.1.4.4/lib/rails/templates/rails/welcome/index.html.erb
  Rendered /Users/TheTriangle/.rvm/gems/ruby-2.6.1/gems/railties-6.1.4.4/lib/rails/templates/rails/welcome/index.html.erb (Duration: 5.7ms | Allocations: 232)
Completed 200 OK in 8ms (Views: 6.7ms | Allocations: 913)


Started GET "/" for ::1 at 2022-01-07 13:18:31 -0800
Processing by Rails::WelcomeController#index as HTML
  Rendering /Users/TheTriangle/.rvm/gems/ruby-2.6.1/gems/railties-6.1.4.4/lib/rails/templates/rails/welcome/index.html.erb
  Rendered /Users/TheTriangle/.rvm/gems/ruby-2.6.1/gems/railties-6.1.4.4/lib/rails/templates/rails/welcome/index.html.erb (Duration: 0.3ms | Allocations: 44)
Completed 200 OK in 1ms (Views: 0.7ms | Allocations: 390)


Started GET "/signup" for ::1 at 2022-01-07 13:18:31 -0800
Processing by UsersController#new as HTML
  Rendering layout layouts/application.html.erb
  Rendering users/new.html.erb within layouts/application
  Rendered users/new.html.erb within layouts/application (Duration: 0.1ms | Allocations: 37)
  Rendered layout layouts/application.html.erb (Duration: 1.7ms | Allocations: 1349)
Completed 200 OK in 3ms (Views: 2.1ms | Allocations: 1726)


Started GET "/signup" for ::1 at 2022-01-07 13:23:34 -0800
Processing by UsersController#new as HTML
  Rendering layout layouts/application.html.erb
  Rendering users/new.html.erb within layouts/application
  Rendered users/new.html.erb within layouts/application (Duration: 0.1ms | Allocations: 37)
  Rendered layout layouts/application.html.erb (Duration: 1.8ms | Allocations: 1360)
Completed 200 OK in 3ms (Views: 2.4ms | Allocations: 1865)


Started GET "/signup" for ::1 at 2022-01-07 13:51:56 -0800
  [1m[35m (0.4ms)[0m  [1m[34mSELECT sqlite_version(*)[0m
  [1m[35m (0.1ms)[0m  [1m[34mSELECT "schema_migrations"."version" FROM "schema_migrations" ORDER BY "schema_migrations"."version" ASC[0m
Processing by UsersController#new as HTML
  Rendering layout layouts/application.html.erb
  Rendering users/new.html.erb within layouts/application
  Rendered users/new.html.erb within layouts/application (Duration: 0.8ms | Allocations: 236)
  Rendered layout layouts/application.html.erb (Duration: 39.1ms | Allocations: 13842)
Completed 200 OK in 55ms (Views: 42.6ms | ActiveRecord: 0.0ms | Allocations: 16585)


Started GET "/signup" for ::1 at 2022-01-07 13:58:20 -0800
  [1m[35m (0.4ms)[0m  [1m[34mSELECT sqlite_version(*)[0m
  [1m[35m (0.2ms)[0m  [1m[34mSELECT "schema_migrations"."version" FROM "schema_migrations" ORDER BY "schema_migrations"."version" ASC[0m
Processing by UsersController#new as HTML
  Rendering layout layouts/application.html.erb
  Rendering users/new.html.erb within layouts/application
  Rendered users/new.html.erb within layouts/application (Duration: 6.6ms | Allocations: 3305)
  Rendered layout layouts/application.html.erb (Duration: 6.7ms | Allocations: 3380)
Completed 500 Internal Server Error in 41ms (ActiveRecord: 0.7ms | Allocations: 12534)


  
ActionView::Template::Error (undefined method `users_path' for #<ActionView::Base:0x007fe314815a48>):
    1: <h1>Houseplants</h1>
    2: <h3>Register below to organize the plants around your home!</h3>
    3: 
    4: <%= form_for @user do |f| %>
    5:   First Name:
    6:   <br>
    7:   <%= f.text_field :first_name %>
  
app/views/users/new.html.erb:4
Started GET "/signup" for ::1 at 2022-01-07 14:01:25 -0800
  [1m[35m (0.5ms)[0m  [1m[34mSELECT sqlite_version(*)[0m
  [1m[35m (0.2ms)[0m  [1m[34mSELECT "schema_migrations"."version" FROM "schema_migrations" ORDER BY "schema_migrations"."version" ASC[0m
Processing by UsersController#new as HTML
  Rendering layout layouts/application.html.erb
  Rendering users/new.html.erb within layouts/application
  Rendered users/new.html.erb within layouts/application (Duration: 47.9ms | Allocations: 4424)
  Rendered layout layouts/application.html.erb (Duration: 53.8ms | Allocations: 8090)
Completed 200 OK in 87ms (Views: 65.7ms | ActiveRecord: 0.9ms | Allocations: 17757)


Started POST "/users" for ::1 at 2022-01-07 14:02:26 -0800
  
AbstractController::ActionNotFound (The action 'create' could not be found for UsersController):
  
actionpack (6.1.4.4) lib/abstract_controller/base.rb:160:in `process'
actionview (6.1.4.4) lib/action_view/rendering.rb:39:in `process'
actionpack (6.1.4.4) lib/action_controller/metal.rb:190:in `dispatch'
actionpack (6.1.4.4) lib/action_controller/metal.rb:254:in `dispatch'
actionpack (6.1.4.4) lib/action_dispatch/routing/route_set.rb:50:in `dispatch'
actionpack (6.1.4.4) lib/action_dispatch/routing/route_set.rb:33:in `serve'
actionpack (6.1.4.4) lib/action_dispatch/journey/router.rb:50:in `block in serve'
actionpack (6.1.4.4) lib/action_dispatch/journey/router.rb:32:in `each'
actionpack (6.1.4.4) lib/action_dispatch/journey/router.rb:32:in `serve'
actionpack (6.1.4.4) lib/action_dispatch/routing/route_set.rb:842:in `call'
rack (2.2.3) lib/rack/tempfile_reaper.rb:15:in `call'
rack (2.2.3) lib/rack/etag.rb:27:in `call'
rack (2.2.3) lib/rack/conditional_get.rb:40:in `call'
rack (2.2.3) lib/rack/head.rb:12:in `call'
actionpack (6.1.4.4) lib/action_dispatch/http/permissions_policy.rb:22:in `call'
actionpack (6.1.4.4) lib/action_dispatch/http/content_security_policy.rb:18:in `call'
rack (2.2.3) lib/rack/session/abstract/id.rb:266:in `context'
rack (2.2.3) lib/rack/session/abstract/id.rb:260:in `call'
actionpack (6.1.4.4) lib/action_dispatch/middleware/cookies.rb:689:in `call'
activerecord (6.1.4.4) lib/active_record/migration.rb:601:in `call'
actionpack (6.1.4.4) lib/action_dispatch/middleware/callbacks.rb:27:in `block in call'
activesupport (6.1.4.4) lib/active_support/callbacks.rb:98:in `run_callbacks'
actionpack (6.1.4.4) lib/action_dispatch/middleware/callbacks.rb:26:in `call'
actionpack (6.1.4.4) lib/action_dispatch/middleware/executor.rb:14:in `call'
actionpack (6.1.4.4) lib/action_dispatch/middleware/actionable_exceptions.rb:18:in `call'
actionpack (6.1.4.4) lib/action_dispatch/middleware/debug_exceptions.rb:29:in `call'
web-console (4.2.0) lib/web_console/middleware.rb:132:in `call_app'
web-console (4.2.0) lib/web_console/middleware.rb:28:in `block in call'
web-console (4.2.0) lib/web_console/middleware.rb:17:in `catch'
web-console (4.2.0) lib/web_console/middleware.rb:17:in `call'
actionpack (6.1.4.4) lib/action_dispatch/middleware/show_exceptions.rb:33:in `call'
railties (6.1.4.4) lib/rails/rack/logger.rb:37:in `call_app'
railties (6.1.4.4) lib/rails/rack/logger.rb:26:in `block in call'
activesupport (6.1.4.4) lib/active_support/tagged_logging.rb:99:in `block in tagged'
activesupport (6.1.4.4) lib/active_support/tagged_logging.rb:37:in `tagged'
activesupport (6.1.4.4) lib/active_support/tagged_logging.rb:99:in `tagged'
railties (6.1.4.4) lib/rails/rack/logger.rb:26:in `call'
sprockets-rails (3.4.2) lib/sprockets/rails/quiet_assets.rb:13:in `call'
actionpack (6.1.4.4) lib/action_dispatch/middleware/remote_ip.rb:81:in `call'
actionpack (6.1.4.4) lib/action_dispatch/middleware/request_id.rb:26:in `call'
rack (2.2.3) lib/rack/method_override.rb:24:in `call'
rack (2.2.3) lib/rack/runtime.rb:22:in `call'
activesupport (6.1.4.4) lib/active_support/cache/strategy/local_cache_middleware.rb:29:in `call'
actionpack (6.1.4.4) lib/action_dispatch/middleware/executor.rb:14:in `call'
actionpack (6.1.4.4) lib/action_dispatch/middleware/static.rb:24:in `call'
rack (2.2.3) lib/rack/sendfile.rb:110:in `call'
actionpack (6.1.4.4) lib/action_dispatch/middleware/host_authorization.rb:119:in `call'
rack-mini-profiler (2.3.3) lib/mini_profiler/profiler.rb:393:in `call'
webpacker (5.4.3) lib/webpacker/dev_server_proxy.rb:25:in `perform_request'
rack-proxy (0.7.2) lib/rack/proxy.rb:67:in `call'
railties (6.1.4.4) lib/rails/engine.rb:539:in `call'
puma (5.5.2) lib/puma/configuration.rb:249:in `call'
puma (5.5.2) lib/puma/request.rb:77:in `block in handle_request'
puma (5.5.2) lib/puma/thread_pool.rb:340:in `with_force_shutdown'
puma (5.5.2) lib/puma/request.rb:76:in `handle_request'
puma (5.5.2) lib/puma/server.rb:447:in `process_client'
puma (5.5.2) lib/puma/thread_pool.rb:147:in `block in spawn_thread'
